==326287== Memcheck, a memory error detector
==326287== Copyright (C) 2002-2022, and GNU GPL'd, by Julian Seward et al.
==326287== Using Valgrind-3.21.0 and LibVEX; rerun with -h for copyright info
==326287== Command: ./test
==326287== Parent PID: 314063
==326287== 
==326287== 
==326287== HEAP SUMMARY:
==326287==     in use at exit: 4 bytes in 1 blocks
==326287==   total heap usage: 1 allocs, 0 frees, 4 bytes allocated
==326287== 
==326287== 4 bytes in 1 blocks are definitely lost in loss record 1 of 1
==326287==    at 0x4841848: malloc (vg_replace_malloc.c:431)
==326287==    by 0x10914A: main (test.c:13)
==326287== 
==326287== LEAK SUMMARY:
==326287==    definitely lost: 4 bytes in 1 blocks
==326287==    indirectly lost: 0 bytes in 0 blocks
==326287==      possibly lost: 0 bytes in 0 blocks
==326287==    still reachable: 0 bytes in 0 blocks
==326287==         suppressed: 0 bytes in 0 blocks
==326287== 
==326287== ERROR SUMMARY: 1 errors from 1 contexts (suppressed: 0 from 0)
